
    <!DOCTYPE html>
    <html lang="en">
    <head>
      <meta charset="UTF-8" />
      <meta name="viewport" content="width=device-width, initial-scale=1.0" />
      <title>Markdown Preview</title>
      <style>
        body {
          font-family: sans-serif;
          padding: 40px;
          line-height: 1.6;
          background: #fdfdfd;
          color: #333;
        }
        pre {
          background: #f4f4f4;
          padding: 10px;
          border-radius: 5px;
          overflow-x: auto;
        }
        code {
          font-family: monospace;
          background: #eee;
          padding: 2px 4px;
        }
        table {
          border-collapse: collapse;
          width: 100%;
          margin-top: 20px;
        }
        th, td {
          border: 1px solid #ccc;
          padding: 8px 12px;
          text-align: left;
        }
        th {
          background-color: #f2f2f2;
          font-weight: bold;
        }
      </style>
    </head>
    <body>
      <h1>TestSprite AI Testing Report (MCP)</h1>
<hr>
<h2>1Ô∏è‚É£ Document Metadata</h2>
<ul>
<li><strong>Project Name:</strong> fibero-ai</li>
<li><strong>Version:</strong> 0.1.0</li>
<li><strong>Date:</strong> 2025-01-18</li>
<li><strong>Prepared by:</strong> TestSprite AI Team</li>
</ul>
<hr>
<h2>2Ô∏è‚É£ Requirement Validation Summary</h2>
<h3>Requirement: Authentication System</h3>
<ul>
<li><strong>Description:</strong> Complete Firebase authentication with email/password, Google OAuth, email verification, password reset, and 2FA support.</li>
</ul>
<h4>Test 1</h4>
<ul>
<li><strong>Test ID:</strong> TC001</li>
<li><strong>Test Name:</strong> Email/Password Registration and Email Verification</li>
<li><strong>Test Code:</strong> <a href="./TC001_EmailPassword_Registration_and_Email_Verification.py">TC001_EmailPassword_Registration_and_Email_Verification.py</a></li>
<li><strong>Test Error:</strong> Failed to go to the start URL. Err: Error executing action go_to_url: Page.goto: Timeout 60000ms exceeded.</li>
<li><strong>Test Visualization and Result:</strong> <a href="https://www.testsprite.com/dashboard/mcp/tests/89bdd9a9-9405-4b5f-bf7f-9713b1786a5c/95872beb-a2a7-4a8b-b6dd-a5bdb14329bb">View Test Results</a></li>
<li><strong>Status:</strong> ‚ùå Failed</li>
<li><strong>Severity:</strong> High</li>
<li><strong>Analysis / Findings:</strong> The test failed because the application front-end URL ('http://localhost:3000/') did not load within the allotted timeout, preventing access to the registration and email verification UI flow. Investigate the front-end application server to ensure it is running and accessible on the expected port.</li>
</ul>
<hr>
<h4>Test 2</h4>
<ul>
<li><strong>Test ID:</strong> TC002</li>
<li><strong>Test Name:</strong> Google OAuth Registration and Login</li>
<li><strong>Test Code:</strong> <a href="./TC002_Google_OAuth_Registration_and_Login.py">TC002_Google_OAuth_Registration_and_Login.py</a></li>
<li><strong>Test Error:</strong> Failed to go to the start URL. Err: Error executing action go_to_url: Page.goto: Timeout 60000ms exceeded.</li>
<li><strong>Test Visualization and Result:</strong> <a href="https://www.testsprite.com/dashboard/mcp/tests/89bdd9a9-9405-4b5f-bf7f-9713b1786a5c/80a8bcf8-b02d-4370-9fa1-3836a5beaa4a">View Test Results</a></li>
<li><strong>Status:</strong> ‚ùå Failed</li>
<li><strong>Severity:</strong> High</li>
<li><strong>Analysis / Findings:</strong> The Google OAuth registration and login UI did not load due to a timeout reaching 60000ms when navigating to the start URL, blocking access to the OAuth flow. Verify front-end server availability and network connectivity.</li>
</ul>
<hr>
<h4>Test 3</h4>
<ul>
<li><strong>Test ID:</strong> TC003</li>
<li><strong>Test Name:</strong> Password Reset Flow</li>
<li><strong>Test Code:</strong> <a href="./TC003_Password_Reset_Flow.py">TC003_Password_Reset_Flow.py</a></li>
<li><strong>Test Error:</strong> Failed to go to the start URL. Err: Error executing action go_to_url: Page.goto: Timeout 60000ms exceeded.</li>
<li><strong>Test Visualization and Result:</strong> <a href="https://www.testsprite.com/dashboard/mcp/tests/89bdd9a9-9405-4b5f-bf7f-9713b1786a5c/4cbc0c16-a51f-4664-9a7c-d118f2056f03">View Test Results</a></li>
<li><strong>Status:</strong> ‚ùå Failed</li>
<li><strong>Severity:</strong> High</li>
<li><strong>Analysis / Findings:</strong> The password reset flow test failed because the main UI page failed to load within the allowed timeout, preventing interaction with password reset components.</li>
</ul>
<hr>
<h3>Requirement: Two-Factor Authentication</h3>
<ul>
<li><strong>Description:</strong> TOTP-based 2FA with backup codes, secure session management, and proper verification flows.</li>
</ul>
<h4>Test 4</h4>
<ul>
<li><strong>Test ID:</strong> TC004</li>
<li><strong>Test Name:</strong> Two-Factor Authentication Setup and Verification (TOTP and Backup Codes)</li>
<li><strong>Test Code:</strong> <a href="./TC004_Two_Factor_Authentication_Setup_and_Verification_TOTP_and_Backup_Codes.py">TC004_Two_Factor_Authentication_Setup_and_Verification_TOTP_and_Backup_Codes.py</a></li>
<li><strong>Test Error:</strong> Browser Console Logs: [ERROR] Failed to load resource: net::ERR_EMPTY_RESPONSE (CSS and JS chunks)</li>
<li><strong>Test Visualization and Result:</strong> <a href="https://www.testsprite.com/dashboard/mcp/tests/89bdd9a9-9405-4b5f-bf7f-9713b1786a5c/d8474805-c6ba-4038-85ff-d6aeabf90288">View Test Results</a></li>
<li><strong>Status:</strong> ‚ùå Failed</li>
<li><strong>Severity:</strong> High</li>
<li><strong>Analysis / Findings:</strong> Two-Factor Authentication setup page assets (CSS and JS) failed to load due to empty response errors, causing the UI not to render. Verify that the static assets for TOTP 2FA setup are correctly built and served.</li>
</ul>
<hr>
<h4>Test 19</h4>
<ul>
<li><strong>Test ID:</strong> TC019</li>
<li><strong>Test Name:</strong> Backup Codes Usage and Management</li>
<li><strong>Test Code:</strong> <a href="./TC019_Backup_Codes_Usage_and_Management.py">TC019_Backup_Codes_Usage_and_Management.py</a></li>
<li><strong>Test Error:</strong> Failed to go to the start URL. Err: Error executing action go_to_url: Page.goto: Timeout 60000ms exceeded.</li>
<li><strong>Test Visualization and Result:</strong> <a href="https://www.testsprite.com/dashboard/mcp/tests/89bdd9a9-9405-4b5f-bf7f-9713b1786a5c/ea2d47c2-26eb-4f7e-b374-2a489c66452e">View Test Results</a></li>
<li><strong>Status:</strong> ‚ùå Failed</li>
<li><strong>Severity:</strong> High</li>
<li><strong>Analysis / Findings:</strong> Backup codes usage and management functionality is untestable due to inability to load frontend secure settings UI containing backup codes.</li>
</ul>
<hr>
<h3>Requirement: Credit Management System</h3>
<ul>
<li><strong>Description:</strong> 10 free credits for new users, 2 credits per paid model prompt, real-time tracking via Firestore with localStorage fallback.</li>
</ul>
<h4>Test 5</h4>
<ul>
<li><strong>Test ID:</strong> TC005</li>
<li><strong>Test Name:</strong> Credit Initialization for New Users</li>
<li><strong>Test Code:</strong> <a href="./TC005_Credit_Initialization_for_New_Users.py">TC005_Credit_Initialization_for_New_Users.py</a></li>
<li><strong>Test Error:</strong> Failed to go to the start URL. Err: Error executing action go_to_url: Page.goto: Timeout 60000ms exceeded.</li>
<li><strong>Test Visualization and Result:</strong> <a href="https://www.testsprite.com/dashboard/mcp/tests/89bdd9a9-9405-4b5f-bf7f-9713b1786a5c/53fce921-6d01-4800-bdbf-dcdaaff62659">View Test Results</a></li>
<li><strong>Status:</strong> ‚ùå Failed</li>
<li><strong>Severity:</strong> High</li>
<li><strong>Analysis / Findings:</strong> The credit initialization UI for new users did not become accessible because the front-end start URL timed out on loading.</li>
</ul>
<hr>
<h4>Test 6</h4>
<ul>
<li><strong>Test ID:</strong> TC006</li>
<li><strong>Test Name:</strong> Credit Deduction on Paid AI Model Usage</li>
<li><strong>Test Code:</strong> <a href="./TC006_Credit_Deduction_on_Paid_AI_Model_Usage.py">TC006_Credit_Deduction_on_Paid_AI_Model_Usage.py</a></li>
<li><strong>Test Error:</strong> Failed to go to the start URL. Err: Error executing action go_to_url: Page.goto: Timeout 60000ms exceeded.</li>
<li><strong>Test Visualization and Result:</strong> <a href="https://www.testsprite.com/dashboard/mcp/tests/89bdd9a9-9405-4b5f-bf7f-9713b1786a5c/fc2af6fc-7eb7-41ba-9f3a-e0dc0eadf8b8">View Test Results</a></li>
<li><strong>Status:</strong> ‚ùå Failed</li>
<li><strong>Severity:</strong> High</li>
<li><strong>Analysis / Findings:</strong> Credit deduction UI and interaction for paid AI model usage could not be tested due to front-end page load timeout.</li>
</ul>
<hr>
<h4>Test 7</h4>
<ul>
<li><strong>Test ID:</strong> TC007</li>
<li><strong>Test Name:</strong> Credit Purchase Workflow with Stripe Integration</li>
<li><strong>Test Code:</strong> <a href="./TC007_Credit_Purchase_Workflow_with_Stripe_Integration.py">TC007_Credit_Purchase_Workflow_with_Stripe_Integration.py</a></li>
<li><strong>Test Error:</strong> Failed to go to the start URL. Err: Error executing action go_to_url: Page.goto: Timeout 60000ms exceeded.</li>
<li><strong>Test Visualization and Result:</strong> <a href="https://www.testsprite.com/dashboard/mcp/tests/89bdd9a9-9405-4b5f-bf7f-9713b1786a5c/1b1a5156-c35f-410f-bbc3-84ef03fcaa01">View Test Results</a></li>
<li><strong>Status:</strong> ‚ùå Failed</li>
<li><strong>Severity:</strong> High</li>
<li><strong>Analysis / Findings:</strong> Credit purchase workflow with Stripe integration UI failed to load as the start URL did not respond within the timeout.</li>
</ul>
<hr>
<h4>Test 17</h4>
<ul>
<li><strong>Test ID:</strong> TC017</li>
<li><strong>Test Name:</strong> Handling Insufficient Credits for Paid Model Prompts</li>
<li><strong>Test Code:</strong> <a href="./TC017_Handling_Insufficient_Credits_for_Paid_Model_Prompts.py">TC017_Handling_Insufficient_Credits_for_Paid_Model_Prompts.py</a></li>
<li><strong>Test Error:</strong> Failed to go to the start URL. Err: Error executing action go_to_url: Page.goto: Timeout 60000ms exceeded.</li>
<li><strong>Test Visualization and Result:</strong> <a href="https://www.testsprite.com/dashboard/mcp/tests/89bdd9a9-9405-4b5f-bf7f-9713b1786a5c/153cccd6-0d18-4296-8c85-82541aeb62b1">View Test Results</a></li>
<li><strong>Status:</strong> ‚ùå Failed</li>
<li><strong>Severity:</strong> High</li>
<li><strong>Analysis / Findings:</strong> Handling insufficient credits for paid model prompts test failed due to frontend page load timeout, blocking UI validation of credit blocking and purchase prompts.</li>
</ul>
<hr>
<h3>Requirement: AI Model Comparison</h3>
<ul>
<li><strong>Description:</strong> Multi-model AI comparison interface supporting 13+ models with OpenRouter integration, response comparison, and rating system.</li>
</ul>
<h4>Test 8</h4>
<ul>
<li><strong>Test ID:</strong> TC008</li>
<li><strong>Test Name:</strong> AI Model Comparison with Multiple Models and Response Rating</li>
<li><strong>Test Code:</strong> <a href="./TC008_AI_Model_Comparison_with_Multiple_Models_and_Response_Rating.py">TC008_AI_Model_Comparison_with_Multiple_Models_and_Response_Rating.py</a></li>
<li><strong>Test Error:</strong> Failed to go to the start URL. Err: Error executing action go_to_url: Page.goto: Timeout 60000ms exceeded.</li>
<li><strong>Test Visualization and Result:</strong> <a href="https://www.testsprite.com/dashboard/mcp/tests/89bdd9a9-9405-4b5f-bf7f-9713b1786a5c/e3368da6-e74b-42a7-b139-1b486c956938">View Test Results</a></li>
<li><strong>Status:</strong> ‚ùå Failed</li>
<li><strong>Severity:</strong> High</li>
<li><strong>Analysis / Findings:</strong> AI model comparison UI with multiple models and rating functionality was not accessible because the application frontend did not load.</li>
</ul>
<hr>
<h4>Test 18</h4>
<ul>
<li><strong>Test ID:</strong> TC018</li>
<li><strong>Test Name:</strong> AI Model Selection UI Limits and Validation</li>
<li><strong>Test Code:</strong> <a href="./TC018_AI_Model_Selection_UI_Limits_and_Validation.py">TC018_AI_Model_Selection_UI_Limits_and_Validation.py</a></li>
<li><strong>Test Error:</strong> Failed to go to the start URL. Err: Error executing action go_to_url: Page.goto: Timeout 60000ms exceeded.</li>
<li><strong>Test Visualization and Result:</strong> <a href="https://www.testsprite.com/dashboard/mcp/tests/89bdd9a9-9405-4b5f-bf7f-9713b1786a5c/82c9bb2f-5972-45a4-a689-17ac802122f4">View Test Results</a></li>
<li><strong>Status:</strong> ‚ùå Failed</li>
<li><strong>Severity:</strong> High</li>
<li><strong>Analysis / Findings:</strong> The AI model selection UI limits and validation test could not be performed since the frontend page did not load completely within the timeout period.</li>
</ul>
<hr>
<h3>Requirement: User Interface Components</h3>
<ul>
<li><strong>Description:</strong> Modern glassmorphism UI with dark/light mode toggle, responsive design, modal system, and toast notifications.</li>
</ul>
<h4>Test 9</h4>
<ul>
<li><strong>Test ID:</strong> TC009</li>
<li><strong>Test Name:</strong> UI Dark Mode and Responsive Layouts</li>
<li><strong>Test Code:</strong> <a href="./TC009_UI_Dark_Mode_and_Responsive_Layouts.py">TC009_UI_Dark_Mode_and_Responsive_Layouts.py</a></li>
<li><strong>Test Error:</strong> Failed to go to the start URL. Err: Error executing action go_to_url: Page.goto: Timeout 60000ms exceeded.</li>
<li><strong>Test Visualization and Result:</strong> <a href="https://www.testsprite.com/dashboard/mcp/tests/89bdd9a9-9405-4b5f-bf7f-9713b1786a5c/7dda3d75-595a-44a9-b418-bb8fda7bd4e1">View Test Results</a></li>
<li><strong>Status:</strong> ‚ùå Failed</li>
<li><strong>Severity:</strong> High</li>
<li><strong>Analysis / Findings:</strong> UI components for dark mode and responsive layouts failed to render since the frontend app page timed out on load.</li>
</ul>
<hr>
<h4>Test 10</h4>
<ul>
<li><strong>Test ID:</strong> TC010</li>
<li><strong>Test Name:</strong> Modal and Toast Notification Functionality</li>
<li><strong>Test Code:</strong> <a href="./TC010_Modal_and_Toast_Notification_Functionality.py">TC010_Modal_and_Toast_Notification_Functionality.py</a></li>
<li><strong>Test Error:</strong> Failed to go to the start URL. Err: Error executing action go_to_url: Page.goto: Timeout 60000ms exceeded.</li>
<li><strong>Test Visualization and Result:</strong> <a href="https://www.testsprite.com/dashboard/mcp/tests/89bdd9a9-9405-4b5f-bf7f-9713b1786a5c/6c2fe50c-b5be-452e-8a68-0763a6ed8fde">View Test Results</a></li>
<li><strong>Status:</strong> ‚ùå Failed</li>
<li><strong>Severity:</strong> High</li>
<li><strong>Analysis / Findings:</strong> The modal and toast notification components could not be tested because the frontend page failed to load within the set timeout.</li>
</ul>
<hr>
<h4>Test 20</h4>
<ul>
<li><strong>Test ID:</strong> TC020</li>
<li><strong>Test Name:</strong> Automatic Redirects and UI Animations on Key Actions</li>
<li><strong>Test Code:</strong> <a href="./TC020_Automatic_Redirects_and_UI_Animations_on_Key_Actions.py">TC020_Automatic_Redirects_and_UI_Animations_on_Key_Actions.py</a></li>
<li><strong>Test Error:</strong> Browser Console Logs: [ERROR] Failed to load resource: net::ERR_EMPTY_RESPONSE (font assets)</li>
<li><strong>Test Visualization and Result:</strong> <a href="https://www.testsprite.com/dashboard/mcp/tests/89bdd9a9-9405-4b5f-bf7f-9713b1786a5c/07e9e648-6429-425f-a1ab-d1d00d8d14ad">View Test Results</a></li>
<li><strong>Status:</strong> ‚ùå Failed</li>
<li><strong>Severity:</strong> High</li>
<li><strong>Analysis / Findings:</strong> UI animations and automatic redirect features failed to test because required font assets failed to load and the main page was unavailable.</li>
</ul>
<hr>
<h3>Requirement: API Endpoints and Security</h3>
<ul>
<li><strong>Description:</strong> RESTful API endpoints for chat functionality, 2FA operations, and user management with proper authentication and validation.</li>
</ul>
<h4>Test 11</h4>
<ul>
<li><strong>Test ID:</strong> TC011</li>
<li><strong>Test Name:</strong> Backend API Request Validation and Error Handling</li>
<li><strong>Test Code:</strong> <a href="./TC011_Backend_API_Request_Validation_and_Error_Handling.py">TC011_Backend_API_Request_Validation_and_Error_Handling.py</a></li>
<li><strong>Test Error:</strong> Failed to go to the start URL. Err: Error executing action go_to_url: Page.goto: Timeout 60000ms exceeded.</li>
<li><strong>Test Visualization and Result:</strong> <a href="https://www.testsprite.com/dashboard/mcp/tests/89bdd9a9-9405-4b5f-bf7f-9713b1786a5c/a487d870-bbb9-4c69-a787-7712752f4faf">View Test Results</a></li>
<li><strong>Status:</strong> ‚ùå Failed</li>
<li><strong>Severity:</strong> High</li>
<li><strong>Analysis / Findings:</strong> Backend API request validation tests failed at the frontend level due to inability to load the starting UI page, preventing API interaction via frontend test scripts.</li>
</ul>
<hr>
<h4>Test 12</h4>
<ul>
<li><strong>Test ID:</strong> TC012</li>
<li><strong>Test Name:</strong> Security: Input Sanitization and XSS Protection</li>
<li><strong>Test Code:</strong> <a href="./TC012_Security_Input_Sanitization_and_XSS_Protection.py">TC012_Security_Input_Sanitization_and_XSS_Protection.py</a></li>
<li><strong>Test Error:</strong> Failed to go to the start URL. Err: Error executing action go_to_url: Page.goto: Timeout 60000ms exceeded.</li>
<li><strong>Test Visualization and Result:</strong> <a href="https://www.testsprite.com/dashboard/mcp/tests/89bdd9a9-9405-4b5f-bf7f-9713b1786a5c/11629834-44ce-4b2b-836c-f86382eabdff">View Test Results</a></li>
<li><strong>Status:</strong> ‚ùå Failed</li>
<li><strong>Severity:</strong> High</li>
<li><strong>Analysis / Findings:</strong> Input sanitization and XSS protection test could not proceed as frontend pages and forms did not load due to timeout errors.</li>
</ul>
<hr>
<h4>Test 13</h4>
<ul>
<li><strong>Test ID:</strong> TC013</li>
<li><strong>Test Name:</strong> Session Management and Secure Authentication</li>
<li><strong>Test Code:</strong> <a href="./TC013_Session_Management_and_Secure_Authentication.py">TC013_Session_Management_and_Secure_Authentication.py</a></li>
<li><strong>Test Error:</strong> Failed to go to the start URL. Err: Error executing action go_to_url: Page.goto: Timeout 60000ms exceeded.</li>
<li><strong>Test Visualization and Result:</strong> <a href="https://www.testsprite.com/dashboard/mcp/tests/89bdd9a9-9405-4b5f-bf7f-9713b1786a5c/f145d675-9be0-4c4f-a64d-441f264fd4a6">View Test Results</a></li>
<li><strong>Status:</strong> ‚ùå Failed</li>
<li><strong>Severity:</strong> High</li>
<li><strong>Analysis / Findings:</strong> Session management and secure authentication flows cannot be verified because the login UI and related frontend pages failed to load within timeout.</li>
</ul>
<hr>
<h4>Test 16</h4>
<ul>
<li><strong>Test ID:</strong> TC016</li>
<li><strong>Test Name:</strong> API Key and Secure Backend Access</li>
<li><strong>Test Code:</strong> <a href="./TC016_API_Key_and_Secure_Backend_Access.py">TC016_API_Key_and_Secure_Backend_Access.py</a></li>
<li><strong>Test Error:</strong> Failed to go to the start URL. Err: Error executing action go_to_url: Page.goto: Timeout 60000ms exceeded.</li>
<li><strong>Test Visualization and Result:</strong> <a href="https://www.testsprite.com/dashboard/mcp/tests/89bdd9a9-9405-4b5f-bf7f-9713b1786a5c/6a2be27c-b5e4-4d4a-9a40-daf11fc9e751">View Test Results</a></li>
<li><strong>Status:</strong> ‚ùå Failed</li>
<li><strong>Severity:</strong> High</li>
<li><strong>Analysis / Findings:</strong> API key management and secure backend access tests did not execute because frontend environment did not respond, thus preventing test execution of API key usage in UI or test scripts.</li>
</ul>
<hr>
<h3>Requirement: Data Persistence and Email Verification</h3>
<ul>
<li><strong>Description:</strong> Firestore integration with localStorage fallback and custom email verification system.</li>
</ul>
<h4>Test 14</h4>
<ul>
<li><strong>Test ID:</strong> TC014</li>
<li><strong>Test Name:</strong> Email Verification UI Edge Cases</li>
<li><strong>Test Code:</strong> <a href="./TC014_Email_Verification_UI_Edge_Cases.py">TC014_Email_Verification_UI_Edge_Cases.py</a></li>
<li><strong>Test Error:</strong> Failed to go to the start URL. Err: Error executing action go_to_url: Page.goto: Timeout 60000ms exceeded.</li>
<li><strong>Test Visualization and Result:</strong> <a href="https://www.testsprite.com/dashboard/mcp/tests/89bdd9a9-9405-4b5f-bf7f-9713b1786a5c/ce32f129-8711-4e06-96c5-546118a4ad64">View Test Results</a></li>
<li><strong>Status:</strong> ‚ùå Failed</li>
<li><strong>Severity:</strong> High</li>
<li><strong>Analysis / Findings:</strong> Email verification UI edge case error handling is untested as the page did not load, blocking token verification UI from rendering.</li>
</ul>
<hr>
<h4>Test 15</h4>
<ul>
<li><strong>Test ID:</strong> TC015</li>
<li><strong>Test Name:</strong> Data Persistence with Firestore and localStorage Fallback</li>
<li><strong>Test Code:</strong> <a href="./TC015_Data_Persistence_with_Firestore_and_localStorage_Fallback.py">TC015_Data_Persistence_with_Firestore_and_localStorage_Fallback.py</a></li>
<li><strong>Test Error:</strong> Failed to go to the start URL. Err: Error executing action go_to_url: Page.goto: Timeout 60000ms exceeded.</li>
<li><strong>Test Visualization and Result:</strong> <a href="https://www.testsprite.com/dashboard/mcp/tests/89bdd9a9-9405-4b5f-bf7f-9713b1786a5c/92fe43d6-50ea-44fa-b329-8ac5c057b2fe">View Test Results</a></li>
<li><strong>Status:</strong> ‚ùå Failed</li>
<li><strong>Severity:</strong> High</li>
<li><strong>Analysis / Findings:</strong> Data persistence functionality involving Firestore and localStorage fallback cannot be validated since frontend pages failed to load, preventing interaction with persistence features.</li>
</ul>
<hr>
<h2>3Ô∏è‚É£ Critical Issues Summary</h2>
<h3>üö® Primary Issue: Frontend Application Load Failure</h3>
<p><strong>Root Cause:</strong> All 20 test cases failed due to the same underlying issue - the frontend application at <code>http://localhost:3000/</code> failed to load within the 60-second timeout period.</p>
<p><strong>Impact:</strong></p>
<ul>
<li><strong>0% Test Coverage Achieved</strong> - No functional testing could be completed</li>
<li><strong>All Critical User Flows Blocked</strong> - Authentication, credit management, AI model comparison</li>
<li><strong>Security Testing Incomplete</strong> - XSS protection, input sanitization, session management</li>
</ul>
<h3>üîß Secondary Issues Identified:</h3>
<ol>
<li><strong>Static Asset Loading Failures</strong> - CSS and JS chunks returning empty responses</li>
<li><strong>Font Asset Loading Errors</strong> - WOFF2 font files failing to load</li>
<li><strong>Build Pipeline Issues</strong> - Turbopack static asset serving problems</li>
</ol>
<hr>
<h2>4Ô∏è‚É£ Immediate Action Items</h2>
<h3>Priority 1: Fix Frontend Application Loading</h3>
<ol>
<li>
<p><strong>Verify Development Server Status</strong></p>
<ul>
<li>Confirm <code>npm run dev</code> is running successfully</li>
<li>Check for port conflicts on localhost:3000</li>
<li>Review server startup logs for errors</li>
</ul>
</li>
<li>
<p><strong>Investigate Static Asset Serving</strong></p>
<ul>
<li>Check Turbopack build configuration</li>
<li>Verify static file serving in next.config.ts</li>
<li>Ensure all CSS/JS chunks are properly generated</li>
</ul>
</li>
<li>
<p><strong>Network and Firewall Issues</strong></p>
<ul>
<li>Verify localhost accessibility</li>
<li>Check Windows Firewall settings</li>
<li>Test direct browser access to http://localhost:3000</li>
</ul>
</li>
</ol>
<h3>Priority 2: Re-run TestSprite Testing</h3>
<p>Once frontend issues are resolved:</p>
<ol>
<li>Execute TestSprite tests again with stable frontend</li>
<li>Focus on critical user flows first (authentication, credit system)</li>
<li>Validate security features and API endpoints</li>
</ol>
<hr>
<h2>5Ô∏è‚É£ Recommendations</h2>
<h3>Development Environment</h3>
<ul>
<li><strong>Use Browser Preview Tool</strong> to verify application accessibility before testing</li>
<li><strong>Implement Health Check Endpoint</strong> for automated testing validation</li>
<li><strong>Add Timeout Configuration</strong> for slower development environments</li>
</ul>
<h3>Testing Strategy</h3>
<ul>
<li><strong>Staged Testing Approach</strong> - Test individual components before full integration</li>
<li><strong>Mock External Dependencies</strong> - Isolate frontend testing from Firebase/OpenRouter dependencies</li>
<li><strong>Continuous Integration</strong> - Automate TestSprite testing in CI/CD pipeline</li>
</ul>
<hr>
<h2>6Ô∏è‚É£ Next Steps</h2>
<ol>
<li><strong>Resolve frontend loading issues</strong> identified in this report</li>
<li><strong>Re-run TestSprite comprehensive testing</strong> once application is stable</li>
<li><strong>Present detailed test results</strong> to development team for code fixes</li>
<li><strong>Implement automated testing pipeline</strong> for continuous validation</li>
</ol>
<hr>
<p><em>This report was generated by TestSprite AI Testing Platform. For detailed test execution logs and visual results, visit the TestSprite Dashboard links provided for each test case.</em></p>

    </body>
    </html>
  